This file contains any messages produced by compilers while
running configure, to aid debugging if configure makes a mistake.

It was created by configure, which was
generated by GNU Autoconf 2.57.  Invocation command line was

  $ ./configure 

## --------- ##
## Platform. ##
## --------- ##

hostname = segfault
uname -m = i686
uname -r = 2.6.7-gentoo-r9
uname -s = Linux
uname -v = #4 SMP Sat Jul 17 21:22:42 BRT 2004

/usr/bin/uname -p = Intel(R) Pentium(R) 4 CPU 2.80GHz
/bin/uname -X     = unknown

/bin/arch              = i686
/usr/bin/arch -k       = unknown
/usr/convex/getsysinfo = unknown
hostinfo               = unknown
/bin/machine           = unknown
/usr/bin/oslevel       = unknown
/bin/universe          = unknown

PATH: /sbin
PATH: /bin
PATH: /usr/sbin
PATH: /usr/bin


## ----------- ##
## Core tests. ##
## ----------- ##

configure:1479: checking for a BSD-compatible install
configure:1533: result: /bin/install -c
configure:1544: checking whether build environment is sane
configure:1587: result: yes
configure:1620: checking for gawk
configure:1636: found /bin/gawk
configure:1646: result: gawk
configure:1656: checking whether make sets $(MAKE)
configure:1676: result: yes
configure:1893: checking for gcc
configure:1919: result: gcc
configure:2163: checking for C compiler version
configure:2166: gcc --version </dev/null >&5
gcc (GCC) 3.4.1  (Gentoo Linux 3.4.1, ssp-3.4-2, pie-8.7.6.3)
Copyright (C) 2004 Free Software Foundation, Inc.
This is free software; see the source for copying conditions.  There is NO
warranty; not even for MERCHANTABILITY or FITNESS FOR A PARTICULAR PURPOSE.

configure:2169: $? = 0
configure:2171: gcc -v </dev/null >&5
Reading specs from /usr/lib/gcc/i686-pc-linux-gnu/3.4.1/specs
Configured with: /var/tmp/portage/gcc-3.4.1/work/gcc-3.4.1/configure --prefix=/usr --bindir=/usr/i686-pc-linux-gnu/gcc-bin/3.4 --includedir=/usr/lib/gcc/i686-pc-linux-gnu/3.4.1/include --datadir=/usr/share/gcc-data/i686-pc-linux-gnu/3.4 --mandir=/usr/share/gcc-data/i686-pc-linux-gnu/3.4/man --infodir=/usr/share/gcc-data/i686-pc-linux-gnu/3.4/info --enable-shared --host=i686-pc-linux-gnu --target=i686-pc-linux-gnu --with-system-zlib --enable-languages=c,c++ --enable-threads=posix --enable-long-long --disable-checking --disable-libunwind-exceptions --enable-cstdio=stdio --enable-version-specific-runtime-libs --with-gxx-include-dir=/usr/lib/gcc/i686-pc-linux-gnu/3.4.1/include/g++-v3 --with-local-prefix=/usr/local --disable-werror --enable-shared --enable-nls --without-included-gettext --disable-multilib --enable-__cxa_atexit --enable-clocale=gnu
Thread model: posix
gcc version 3.4.1  (Gentoo Linux 3.4.1, ssp-3.4-2, pie-8.7.6.3)
configure:2174: $? = 0
configure:2176: gcc -V </dev/null >&5
gcc: `-V' option must have argument
configure:2179: $? = 1
configure:2203: checking for C compiler default output
configure:2206: gcc    conftest.c  >&5
configure:2209: $? = 0
configure:2255: result: a.out
configure:2260: checking whether the C compiler works
configure:2266: ./a.out
configure:2269: $? = 0
configure:2286: result: yes
configure:2293: checking whether we are cross compiling
configure:2295: result: no
configure:2298: checking for suffix of executables
configure:2300: gcc -o conftest    conftest.c  >&5
configure:2303: $? = 0
configure:2328: result: 
configure:2334: checking for suffix of object files
configure:2356: gcc -c   conftest.c >&5
configure:2359: $? = 0
configure:2381: result: o
configure:2385: checking whether we are using the GNU C compiler
configure:2410: gcc -c   conftest.c >&5
configure:2413: $? = 0
configure:2416: test -s conftest.o
configure:2419: $? = 0
configure:2432: result: yes
configure:2438: checking whether gcc accepts -g
configure:2460: gcc -c -g  conftest.c >&5
configure:2463: $? = 0
configure:2466: test -s conftest.o
configure:2469: $? = 0
configure:2480: result: yes
configure:2497: checking for gcc option to accept ANSI C
configure:2558: gcc  -c -g -O2  conftest.c >&5
configure:2561: $? = 0
configure:2564: test -s conftest.o
configure:2567: $? = 0
configure:2585: result: none needed
configure:2603: gcc -c -g -O2  conftest.c >&5
conftest.c:2: error: parse error before "me"
configure:2606: $? = 1
configure: failed program was:
| #ifndef __cplusplus
|   choke me
| #endif
configure:2726: checking for style of include used by make
configure:2754: result: GNU
configure:2782: checking dependency style of gcc
configure:2865: result: gcc3
configure:2954: checking build system type
configure:2972: result: i686-pc-linux-gnu
configure:2980: checking host system type
configure:2994: result: i686-pc-linux-gnu
configure:3024: checking for ld used by GCC
configure:3087: result: /usr/i686-pc-linux-gnu/bin/ld
configure:3096: checking if the linker (/usr/i686-pc-linux-gnu/bin/ld) is GNU ld
GNU ld version 2.14.90.0.8 20040114
configure:3108: result: yes
configure:3113: checking for /usr/i686-pc-linux-gnu/bin/ld option to reload object files
configure:3120: result: -r
configure:3125: checking for BSD-compatible nm
configure:3161: result: /usr/bin/nm -B
configure:3164: checking for a sed that does not truncate output
configure:3246: result: /bin/sed
configure:3249: checking whether ln -s works
configure:3253: result: yes
configure:3260: checking how to recognise dependent libraries
configure:3441: result: pass_all
configure:3454: checking command to parse /usr/bin/nm -B output
configure:3538: gcc -c -g -O2  conftest.c >&5
configure:3541: $? = 0
configure:3545: /usr/bin/nm -B conftest.o \| sed -n -e 's/^.*[ 	]\([ABCDGISTW][ABCDGISTW]*\)[ 	][ 	]*\(\)\([_A-Za-z][_A-Za-z0-9]*\)$/\1 \2\3 \3/p' \> conftest.nm
configure:3548: $? = 0
configure:3600: gcc -o conftest -g -O2   conftest.c conftstm.o >&5
configure:3603: $? = 0
configure:3647: result: ok
configure:3656: checking how to run the C preprocessor
configure:3692: gcc -E  conftest.c
configure:3698: $? = 0
configure:3730: gcc -E  conftest.c
configure:3731:28: ac_nonexistent.h: No such file or directory
configure:3736: $? = 1
configure: failed program was:
| #line 3721 "configure"
| /* confdefs.h.  */
| 
| #define PACKAGE_NAME ""
| #define PACKAGE_TARNAME ""
| #define PACKAGE_VERSION ""
| #define PACKAGE_STRING ""
| #define PACKAGE_BUGREPORT ""
| #define PACKAGE "fakeconnect"
| #define VERSION "0.1"
| /* end confdefs.h.  */
| #include <ac_nonexistent.h>
configure:3774: result: gcc -E
configure:3799: gcc -E  conftest.c
configure:3805: $? = 0
configure:3837: gcc -E  conftest.c
configure:3838:28: ac_nonexistent.h: No such file or directory
configure:3843: $? = 1
configure: failed program was:
| #line 3828 "configure"
| /* confdefs.h.  */
| 
| #define PACKAGE_NAME ""
| #define PACKAGE_TARNAME ""
| #define PACKAGE_VERSION ""
| #define PACKAGE_STRING ""
| #define PACKAGE_BUGREPORT ""
| #define PACKAGE "fakeconnect"
| #define VERSION "0.1"
| /* end confdefs.h.  */
| #include <ac_nonexistent.h>
configure:3886: checking for egrep
configure:3896: result: grep -E
configure:3901: checking for ANSI C header files
configure:3927: gcc -c -g -O2  conftest.c >&5
configure:3930: $? = 0
configure:3933: test -s conftest.o
configure:3936: $? = 0
configure:4025: gcc -o conftest -g -O2   conftest.c  >&5
configure:4028: $? = 0
configure:4030: ./conftest
configure:4033: $? = 0
configure:4048: result: yes
configure:4072: checking for sys/types.h
configure:4089: gcc -c -g -O2  conftest.c >&5
configure:4092: $? = 0
configure:4095: test -s conftest.o
configure:4098: $? = 0
configure:4109: result: yes
configure:4072: checking for sys/stat.h
configure:4089: gcc -c -g -O2  conftest.c >&5
configure:4092: $? = 0
configure:4095: test -s conftest.o
configure:4098: $? = 0
configure:4109: result: yes
configure:4072: checking for stdlib.h
configure:4089: gcc -c -g -O2  conftest.c >&5
configure:4092: $? = 0
configure:4095: test -s conftest.o
configure:4098: $? = 0
configure:4109: result: yes
configure:4072: checking for string.h
configure:4089: gcc -c -g -O2  conftest.c >&5
configure:4092: $? = 0
configure:4095: test -s conftest.o
configure:4098: $? = 0
configure:4109: result: yes
configure:4072: checking for memory.h
configure:4089: gcc -c -g -O2  conftest.c >&5
configure:4092: $? = 0
configure:4095: test -s conftest.o
configure:4098: $? = 0
configure:4109: result: yes
configure:4072: checking for strings.h
configure:4089: gcc -c -g -O2  conftest.c >&5
configure:4092: $? = 0
configure:4095: test -s conftest.o
configure:4098: $? = 0
configure:4109: result: yes
configure:4072: checking for inttypes.h
configure:4089: gcc -c -g -O2  conftest.c >&5
configure:4092: $? = 0
configure:4095: test -s conftest.o
configure:4098: $? = 0
configure:4109: result: yes
configure:4072: checking for stdint.h
configure:4089: gcc -c -g -O2  conftest.c >&5
configure:4092: $? = 0
configure:4095: test -s conftest.o
configure:4098: $? = 0
configure:4109: result: yes
configure:4072: checking for unistd.h
configure:4089: gcc -c -g -O2  conftest.c >&5
configure:4092: $? = 0
configure:4095: test -s conftest.o
configure:4098: $? = 0
configure:4109: result: yes
configure:4135: checking dlfcn.h usability
configure:4148: gcc -c -g -O2  conftest.c >&5
configure:4151: $? = 0
configure:4154: test -s conftest.o
configure:4157: $? = 0
configure:4167: result: yes
configure:4171: checking dlfcn.h presence
configure:4182: gcc -E  conftest.c
configure:4188: $? = 0
configure:4207: result: yes
configure:4243: checking for dlfcn.h
configure:4250: result: yes
configure:4448: checking for ranlib
configure:4464: found /usr/bin/ranlib
configure:4475: result: ranlib
configure:4528: checking for strip
configure:4544: found /usr/bin/strip
configure:4555: result: strip
configure:4765: checking for objdir
configure:4776: result: .libs
configure:4793: checking for gcc option to produce PIC
configure:4939: result: -fPIC
configure:4943: checking if gcc PIC flag -fPIC works
configure:4967: gcc -c -g -O2 -fPIC -DPIC  conftest.c >&5
configure:4970: $? = 0
configure:4973: test -s conftest.o
configure:4976: $? = 0
configure:5014: result: yes
configure:5030: checking if gcc static flag -static works
configure:5055: gcc -o conftest -g -O2   -static conftest.c  >&5
configure:5058: $? = 0
configure:5061: test -s conftest
configure:5064: $? = 0
configure:5080: result: yes
configure:5092: checking if gcc supports -c -o file.o
configure:5115: gcc -c -g -O2 -o out/conftest2.o  conftest.c >&5
configure:5136: result: yes
configure:5141: checking if gcc supports -c -o file.lo
configure:5169: gcc -c -g -O2 -c -o conftest.lo  conftest.c >&5
configure:5172: $? = 0
configure:5175: test -s conftest.lo
configure:5178: $? = 0
configure:5200: result: yes
configure:5231: checking if gcc supports -fno-rtti -fno-exceptions
configure:5254: gcc -c -g -O2 -fno-rtti -fno-exceptions -c conftest.c  conftest.c >&5
cc1: warning: command line option "-fno-rtti" is valid for C++/ObjC++ but not for C
cc1: warning: command line option "-fno-rtti" is valid for C++/ObjC++ but not for C
configure:5257: $? = 0
configure:5260: test -s conftest.o
configure:5263: $? = 0
configure:5280: result: yes
configure:5291: checking whether the linker (/usr/i686-pc-linux-gnu/bin/ld) supports shared libraries
configure:5986: result: yes
configure:5991: checking how to hardcode library paths into programs
configure:6015: result: immediate
configure:6020: checking whether stripping libraries is possible
configure:6025: result: yes
configure:6036: checking dynamic linker characteristics
configure:6443: result: GNU/Linux ld.so
configure:6448: checking if libtool supports shared libraries
configure:6450: result: yes
configure:6453: checking whether to build shared libraries
configure:6474: result: yes
configure:6477: checking whether to build static libraries
configure:6481: result: yes
configure:7155: checking whether -lc should be explicitly linked in
configure:7163: gcc -c -g -O2  conftest.c >&5
configure:7166: $? = 0
configure:7180: gcc -shared conftest.o  -v -Wl,-soname -Wl,conftest -o conftest 2\>\&1 \| grep  -lc  \>/dev/null 2\>\&1
configure:7183: $? = 0
configure:7196: result: no
configure:7880: creating ./config.status

## ---------------------- ##
## Running config.status. ##
## ---------------------- ##

This file was extended by config.status, which was
generated by GNU Autoconf 2.57.  Invocation command line was

  CONFIG_FILES    = 
  CONFIG_HEADERS  = 
  CONFIG_LINKS    = 
  CONFIG_COMMANDS = 
  $ ./config.status 

on segfault

config.status:666: creating Makefile
config.status:666: creating src/Makefile
config.status:770: creating config.h
config.status:999: executing depfiles commands

## ---------------- ##
## Cache variables. ##
## ---------------- ##

ac_cv_build=i686-pc-linux-gnu
ac_cv_build_alias=i686-pc-linux-gnu
ac_cv_c_compiler_gnu=yes
ac_cv_env_CC_set=set
ac_cv_env_CC_value=gcc
ac_cv_env_CFLAGS_set=
ac_cv_env_CFLAGS_value=
ac_cv_env_CPPFLAGS_set=
ac_cv_env_CPPFLAGS_value=
ac_cv_env_CPP_set=
ac_cv_env_CPP_value=
ac_cv_env_LDFLAGS_set=
ac_cv_env_LDFLAGS_value=
ac_cv_env_build_alias_set=
ac_cv_env_build_alias_value=
ac_cv_env_host_alias_set=
ac_cv_env_host_alias_value=
ac_cv_env_target_alias_set=
ac_cv_env_target_alias_value=
ac_cv_exeext=
ac_cv_header_dlfcn_h=yes
ac_cv_header_inttypes_h=yes
ac_cv_header_memory_h=yes
ac_cv_header_stdc=yes
ac_cv_header_stdint_h=yes
ac_cv_header_stdlib_h=yes
ac_cv_header_string_h=yes
ac_cv_header_strings_h=yes
ac_cv_header_sys_stat_h=yes
ac_cv_header_sys_types_h=yes
ac_cv_header_unistd_h=yes
ac_cv_host=i686-pc-linux-gnu
ac_cv_host_alias=i686-pc-linux-gnu
ac_cv_objext=o
ac_cv_path_install='/bin/install -c'
ac_cv_prog_AWK=gawk
ac_cv_prog_CPP='gcc -E'
ac_cv_prog_ac_ct_CC=gcc
ac_cv_prog_ac_ct_RANLIB=ranlib
ac_cv_prog_ac_ct_STRIP=strip
ac_cv_prog_cc_g=yes
ac_cv_prog_cc_stdc=
ac_cv_prog_egrep='grep -E'
ac_cv_prog_make_make_set=yes
am_cv_CC_dependencies_compiler_type=gcc3
lt_cv_archive_cmds_need_lc=no
lt_cv_compiler_c_o=yes
lt_cv_compiler_o_lo=yes
lt_cv_deplibs_check_method=pass_all
lt_cv_file_magic_cmd='$MAGIC_CMD'
lt_cv_file_magic_test_file='/lib/libc.so.6 /lib/libc-2.3.3.so'
lt_cv_global_symbol_to_c_name_address='sed -n -e '\''s/^: \([^ ]*\) $/  {\"\1\", (lt_ptr) 0},/p'\'' -e '\''s/^[BCDEGRST] \([^ ]*\) \([^ ]*\)$/  {"\2", (lt_ptr) \&\2},/p'\'''
lt_cv_global_symbol_to_cdecl='sed -n -e '\''s/^. .* \(.*\)$/extern char \1;/p'\'''
lt_cv_ld_reload_flag=-r
lt_cv_path_LD=/usr/i686-pc-linux-gnu/bin/ld
lt_cv_path_NM='/usr/bin/nm -B'
lt_cv_path_SED=/bin/sed
lt_cv_prog_cc_can_build_shared=yes
lt_cv_prog_cc_no_builtin=
lt_cv_prog_cc_pic=' -fPIC'
lt_cv_prog_cc_pic_works=yes
lt_cv_prog_cc_shlib=
lt_cv_prog_cc_static=-static
lt_cv_prog_cc_static_works=yes
lt_cv_prog_cc_wl=-Wl,
lt_cv_prog_gnu_ld=yes
lt_cv_sys_global_symbol_pipe='sed -n -e '\''s/^.*[ 	]\([ABCDGISTW][ABCDGISTW]*\)[ 	][ 	]*\(\)\([_A-Za-z][_A-Za-z0-9]*\)$/\1 \2\3 \3/p'\'''

## ----------------- ##
## Output variables. ##
## ----------------- ##

ACLOCAL='${SHELL} /home/sh/prog/fakeconnect-1.2.1/missing --run aclocal-1.7'
AMDEPBACKSLASH='\'
AMDEP_FALSE='#'
AMDEP_TRUE=''
AMTAR='${SHELL} /home/sh/prog/fakeconnect-1.2.1/missing --run tar'
AUTOCONF='${SHELL} /home/sh/prog/fakeconnect-1.2.1/missing --run autoconf'
AUTOHEADER='${SHELL} /home/sh/prog/fakeconnect-1.2.1/missing --run autoheader'
AUTOMAKE='${SHELL} /home/sh/prog/fakeconnect-1.2.1/missing --run automake-1.7'
AWK='gawk'
CC='gcc'
CCDEPMODE='depmode=gcc3'
CFLAGS='-g -O2'
CPP='gcc -E'
CPPFLAGS=''
CYGPATH_W='echo'
DEFS='-DHAVE_CONFIG_H'
DEPDIR='.deps'
ECHO='echo'
ECHO_C=''
ECHO_N='-n'
ECHO_T=''
EGREP='grep -E'
EXEEXT=''
INSTALL_DATA='${INSTALL} -m 644'
INSTALL_PROGRAM='${INSTALL}'
INSTALL_SCRIPT='${INSTALL}'
INSTALL_STRIP_PROGRAM='${SHELL} $(install_sh) -c -s'
LDFLAGS=''
LIBOBJS=''
LIBS=''
LIBTOOL='$(SHELL) $(top_builddir)/libtool'
LN_S='ln -s'
LTLIBOBJS=''
MAKEINFO='${SHELL} /home/sh/prog/fakeconnect-1.2.1/missing --run makeinfo'
OBJEXT='o'
PACKAGE='fakeconnect'
PACKAGE_BUGREPORT=''
PACKAGE_NAME=''
PACKAGE_STRING=''
PACKAGE_TARNAME=''
PACKAGE_VERSION=''
PATH_SEPARATOR=':'
RANLIB='ranlib'
SET_MAKE=''
SHELL='/bin/sh'
STRIP='strip'
VERSION='0.1'
ac_ct_CC='gcc'
ac_ct_RANLIB='ranlib'
ac_ct_STRIP='strip'
am__fastdepCC_FALSE='#'
am__fastdepCC_TRUE=''
am__include='include'
am__leading_dot='.'
am__quote=''
bindir='${exec_prefix}/bin'
build='i686-pc-linux-gnu'
build_alias=''
build_cpu='i686'
build_os='linux-gnu'
build_vendor='pc'
datadir='${prefix}/share'
exec_prefix='${prefix}'
host='i686-pc-linux-gnu'
host_alias=''
host_cpu='i686'
host_os='linux-gnu'
host_vendor='pc'
includedir='${prefix}/include'
infodir='${prefix}/info'
install_sh='/home/sh/prog/fakeconnect-1.2.1/install-sh'
libdir='${exec_prefix}/lib'
libexecdir='${exec_prefix}/libexec'
localstatedir='${prefix}/var'
mandir='${prefix}/man'
oldincludedir='/usr/include'
prefix='/usr/local'
program_transform_name='s,x,x,'
sbindir='${exec_prefix}/sbin'
sharedstatedir='${prefix}/com'
sysconfdir='${prefix}/etc'
target_alias=''

## ----------- ##
## confdefs.h. ##
## ----------- ##

#define HAVE_DLFCN_H 1
#define HAVE_INTTYPES_H 1
#define HAVE_MEMORY_H 1
#define HAVE_STDINT_H 1
#define HAVE_STDLIB_H 1
#define HAVE_STRINGS_H 1
#define HAVE_STRING_H 1
#define HAVE_SYS_STAT_H 1
#define HAVE_SYS_TYPES_H 1
#define HAVE_UNISTD_H 1
#define PACKAGE "fakeconnect"
#define PACKAGE_BUGREPORT ""
#define PACKAGE_NAME ""
#define PACKAGE_STRING ""
#define PACKAGE_TARNAME ""
#define PACKAGE_VERSION ""
#define STDC_HEADERS 1
#define VERSION "0.1"

configure: exit 0
